0 info it worked if it ends with ok
1 verbose cli [ 'D:\\program\\nodejs\\\\node.exe',
1 verbose cli   'D:\\program\\nodejs\\node_modules\\npm\\bin\\npm-cli.js',
1 verbose cli   'start' ]
2 info using npm@2.9.1
3 info using node@v0.12.3
4 verbose node symlink D:\program\nodejs\\node.exe
5 verbose run-script [ 'prestart', 'start', 'poststart' ]
6 info prestart douban-movie@0.0.1
7 info start douban-movie@0.0.1
8 verbose unsafe-perm in lifecycle true
9 info douban-movie@0.0.1 Failed to exec start script
10 verbose stack Error: douban-movie@0.0.1 start: `node app.js`
10 verbose stack Exit status 1
10 verbose stack     at EventEmitter.<anonymous> (D:\program\nodejs\node_modules\npm\lib\utils\lifecycle.js:213:16)
10 verbose stack     at EventEmitter.emit (events.js:110:17)
10 verbose stack     at ChildProcess.<anonymous> (D:\program\nodejs\node_modules\npm\lib\utils\spawn.js:24:14)
10 verbose stack     at ChildProcess.emit (events.js:110:17)
10 verbose stack     at maybeClose (child_process.js:1015:16)
10 verbose stack     at Process.ChildProcess._handle.onexit (child_process.js:1087:5)
11 verbose pkgid douban-movie@0.0.1
12 verbose cwd D:\web\douban-movie
13 error Windows_NT 6.3.9600
14 error argv "D:\\program\\nodejs\\\\node.exe" "D:\\program\\nodejs\\node_modules\\npm\\bin\\npm-cli.js" "start"
15 error node v0.12.3
16 error npm  v2.9.1
17 error code ELIFECYCLE
18 error douban-movie@0.0.1 start: `node app.js`
18 error Exit status 1
19 error Failed at the douban-movie@0.0.1 start script 'node app.js'.
19 error This is most likely a problem with the douban-movie package,
19 error not with npm itself.
19 error Tell the author that this fails on your system:
19 error     node app.js
19 error You can get their info via:
19 error     npm owner ls douban-movie
19 error There is likely additional logging output above.
20 verbose exit [ 1, true ]
